# JRE version: Java(TM) SE Runtime Environment (8.0_101-b13) (build 1.8.0_101-b13)
# Java VM: Java HotSpot(TM) 64-Bit Server VM (25.101-b13 mixed mode windows-amd64 compressed oops)
Heap:
 PSYoungGen      total 103936K, used 11260K [0x00000000eab00000, 0x00000000f1d00000, 0x0000000100000000)
  eden space 92672K, 0% used [0x00000000eab00000,0x00000000eab00000,0x00000000f0580000)
  from space 11264K, 99% used [0x00000000f0580000,0x00000000f107f300,0x00000000f1080000)
  to   space 9728K, 0% used [0x00000000f1080000,0x00000000f1080000,0x00000000f1a00000)
 ParOldGen       total 30208K, used 29231K [0x00000000c0000000, 0x00000000c1d80000, 0x00000000eab00000)
  object space 30208K, 96% used [0x00000000c0000000,0x00000000c1c8bdf8,0x00000000c1d80000)
 Metaspace       used 6301K, capacity 7158K, committed 7296K, reserved 1056768K
  class space    used 608K, capacity 622K, committed 640K, reserved 1048576K
GC Heap History (10 events):
Event: 6.635 GC heap after
Heap after GC invocations=3 (full 0):
 PSYoungGen      total 25088K, used 1525K [0x00000000eab00000, 0x00000000edc00000, 0x0000000100000000)
  eden space 23552K, 0% used [0x00000000eab00000,0x00000000eab00000,0x00000000ec200000)
  from space 1536K, 99% used [0x00000000ec200000,0x00000000ec37d770,0x00000000ec380000)
  to   space 1536K, 0% used [0x00000000eda80000,0x00000000eda80000,0x00000000edc00000)
 ParOldGen       total 30208K, used 6926K [0x00000000c0000000, 0x00000000c1d80000, 0x00000000eab00000)
  object space 30208K, 22% used [0x00000000c0000000,0x00000000c06c3a50,0x00000000c1d80000)
 Metaspace       used 5909K, capacity 6960K, committed 7040K, reserved 1056768K
  class space    used 588K, capacity 616K, committed 640K, reserved 1048576K
}
Event: 7.119 GC heap before
{Heap before GC invocations=4 (full 0):
 PSYoungGen      total 25088K, used 25077K [0x00000000eab00000, 0x00000000edc00000, 0x0000000100000000)
  eden space 23552K, 100% used [0x00000000eab00000,0x00000000ec200000,0x00000000ec200000)
  from space 1536K, 99% used [0x00000000ec200000,0x00000000ec37d770,0x00000000ec380000)
  to   space 1536K, 0% used [0x00000000eda80000,0x00000000eda80000,0x00000000edc00000)
 ParOldGen       total 30208K, used 6926K [0x00000000c0000000, 0x00000000c1d80000, 0x00000000eab00000)
  object space 30208K, 22% used [0x00000000c0000000,0x00000000c06c3a50,0x00000000c1d80000)
 Metaspace       used 5942K, capacity 6960K, committed 7040K, reserved 1056768K
  class space    used 588K, capacity 616K, committed 640K, reserved 1048576K
Event: 7.526 GC heap after
Heap after GC invocations=4 (full 0):
 PSYoungGen      total 48640K, used 1527K [0x00000000eab00000, 0x00000000edc00000, 0x0000000100000000)
  eden space 47104K, 0% used [0x00000000eab00000,0x00000000eab00000,0x00000000ed900000)
  from space 1536K, 99% used [0x00000000eda80000,0x00000000edbfdd38,0x00000000edc00000)
  to   space 1536K, 0% used [0x00000000ed900000,0x00000000ed900000,0x00000000eda80000)
 ParOldGen       total 30208K, used 10183K [0x00000000c0000000, 0x00000000c1d80000, 0x00000000eab00000)
  object space 30208K, 33% used [0x00000000c0000000,0x00000000c09f1d30,0x00000000c1d80000)
 Metaspace       used 5942K, capacity 6960K, committed 7040K, reserved 1056768K
  class space    used 588K, capacity 616K, committed 640K, reserved 1048576K
}
Event: 10.811 GC heap before
{Heap before GC invocations=5 (full 0):
 PSYoungGen      total 48640K, used 48631K [0x00000000eab00000, 0x00000000edc00000, 0x0000000100000000)
  eden space 47104K, 100% used [0x00000000eab00000,0x00000000ed900000,0x00000000ed900000)
  from space 1536K, 99% used [0x00000000eda80000,0x00000000edbfdd38,0x00000000edc00000)
  to   space 1536K, 0% used [0x00000000ed900000,0x00000000ed900000,0x00000000eda80000)
 ParOldGen       total 30208K, used 10183K [0x00000000c0000000, 0x00000000c1d80000, 0x00000000eab00000)
  object space 30208K, 33% used [0x00000000c0000000,0x00000000c09f1d30,0x00000000c1d80000)
 Metaspace       used 6129K, capacity 7152K, committed 7296K, reserved 1056768K
  class space    used 588K, capacity 616K, committed 640K, reserved 1048576K
Event: 11.740 GC heap after
Heap after GC invocations=5 (full 0):
 PSYoungGen      total 48640K, used 1506K [0x00000000eab00000, 0x00000000f1a00000, 0x0000000100000000)
  eden space 47104K, 0% used [0x00000000eab00000,0x00000000eab00000,0x00000000ed900000)
  from space 1536K, 98% used [0x00000000ed900000,0x00000000eda78a58,0x00000000eda80000)
  to   space 9728K, 0% used [0x00000000f1080000,0x00000000f1080000,0x00000000f1a00000)
 ParOldGen       total 30208K, used 17793K [0x00000000c0000000, 0x00000000c1d80000, 0x00000000eab00000)
  object space 30208K, 58% used [0x00000000c0000000,0x00000000c11604e8,0x00000000c1d80000)
 Metaspace       used 6129K, capacity 7152K, committed 7296K, reserved 1056768K
  class space    used 588K, capacity 616K, committed 640K, reserved 1048576K
}
Event: 12.871 GC heap before
{Heap before GC invocations=6 (full 0):
 PSYoungGen      total 48640K, used 48610K [0x00000000eab00000, 0x00000000f1a00000, 0x0000000100000000)
  eden space 47104K, 100% used [0x00000000eab00000,0x00000000ed900000,0x00000000ed900000)
  from space 1536K, 98% used [0x00000000ed900000,0x00000000eda78a58,0x00000000eda80000)
  to   space 9728K, 0% used [0x00000000f1080000,0x00000000f1080000,0x00000000f1a00000)
 ParOldGen       total 30208K, used 17793K [0x00000000c0000000, 0x00000000c1d80000, 0x00000000eab00000)
  object space 30208K, 58% used [0x00000000c0000000,0x00000000c11604e8,0x00000000c1d80000)
 Metaspace       used 6159K, capacity 7152K, committed 7296K, reserved 1056768K
  class space    used 588K, capacity 616K, committed 640K, reserved 1048576K
Event: 13.027 GC heap after
Heap after GC invocations=6 (full 0):
 PSYoungGen      total 102400K, used 8862K [0x00000000eab00000, 0x00000000f1d00000, 0x0000000100000000)
  eden space 92672K, 0% used [0x00000000eab00000,0x00000000eab00000,0x00000000f0580000)
  from space 9728K, 91% used [0x00000000f1080000,0x00000000f1927808,0x00000000f1a00000)
  to   space 11264K, 0% used [0x00000000f0580000,0x00000000f0580000,0x00000000f1080000)
 ParOldGen       total 30208K, used 17793K [0x00000000c0000000, 0x00000000c1d80000, 0x00000000eab00000)
  object space 30208K, 58% used [0x00000000c0000000,0x00000000c11604e8,0x00000000c1d80000)
 Metaspace       used 6159K, capacity 7152K, committed 7296K, reserved 1056768K
  class space    used 588K, capacity 616K, committed 640K, reserved 1048576K
}
Event: 14.411 GC heap before
{Heap before GC invocations=7 (full 0):
 PSYoungGen      total 102400K, used 101534K [0x00000000eab00000, 0x00000000f1d00000, 0x0000000100000000)
  eden space 92672K, 100% used [0x00000000eab00000,0x00000000f0580000,0x00000000f0580000)
  from space 9728K, 91% used [0x00000000f1080000,0x00000000f1927808,0x00000000f1a00000)
  to   space 11264K, 0% used [0x00000000f0580000,0x00000000f0580000,0x00000000f1080000)
 ParOldGen       total 30208K, used 17793K [0x00000000c0000000, 0x00000000c1d80000, 0x00000000eab00000)
  object space 30208K, 58% used [0x00000000c0000000,0x00000000c11604e8,0x00000000c1d80000)
 Metaspace       used 6301K, capacity 7158K, committed 7296K, reserved 1056768K
  class space    used 608K, capacity 622K, committed 640K, reserved 1048576K
Event: 14.843 GC heap after
Heap after GC invocations=7 (full 0):
 PSYoungGen      total 103936K, used 11260K [0x00000000eab00000, 0x00000000f1d00000, 0x0000000100000000)
  eden space 92672K, 0% used [0x00000000eab00000,0x00000000eab00000,0x00000000f0580000)
  from space 11264K, 99% used [0x00000000f0580000,0x00000000f107f300,0x00000000f1080000)
  to   space 9728K, 0% used [0x00000000f1080000,0x00000000f1080000,0x00000000f1a00000)
 ParOldGen       total 30208K, used 29231K [0x00000000c0000000, 0x00000000c1d80000, 0x00000000eab00000)
  object space 30208K, 96% used [0x00000000c0000000,0x00000000c1c8bdf8,0x00000000c1d80000)
 Metaspace       used 6301K, capacity 7158K, committed 7296K, reserved 1056768K
  class space    used 608K, capacity 622K, committed 640K, reserved 1048576K
}
Event: 14.843 GC heap before
{Heap before GC invocations=8 (full 1):
 PSYoungGen      total 103936K, used 11260K [0x00000000eab00000, 0x00000000f1d00000, 0x0000000100000000)
  eden space 92672K, 0% used [0x00000000eab00000,0x00000000eab00000,0x00000000f0580000)
  from space 11264K, 99% used [0x00000000f0580000,0x00000000f107f300,0x00000000f1080000)
  to   space 9728K, 0% used [0x00000000f1080000,0x00000000f1080000,0x00000000f1a00000)
 ParOldGen       total 30208K, used 29231K [0x00000000c0000000, 0x00000000c1d80000, 0x00000000eab00000)
  object space 30208K, 96% used [0x00000000c0000000,0x00000000c1c8bdf8,0x00000000c1d80000)
 Metaspace       used 6301K, capacity 7158K, committed 7296K, reserved 1056768K
  class space    used 608K, capacity 622K, committed 640K, reserved 1048576K

