# JRE version: Java(TM) SE Runtime Environment (8.0_101-b13) (build 1.8.0_101-b13)
# Java VM: Java HotSpot(TM) 64-Bit Server VM (25.101-b13 mixed mode windows-amd64 compressed oops)
Heap:
 PSYoungGen      total 25088K, used 23361K [0x00000000eab00000, 0x00000000ec500000, 0x0000000100000000)
  eden space 23552K, 92% used [0x00000000eab00000,0x00000000ec0528d0,0x00000000ec200000)
  from space 1536K, 99% used [0x00000000ec380000,0x00000000ec4fdc60,0x00000000ec500000)
  to   space 1536K, 0% used [0x00000000ec200000,0x00000000ec200000,0x00000000ec380000)
 ParOldGen       total 30208K, used 2128K [0x00000000c0000000, 0x00000000c1d80000, 0x00000000eab00000)
  object space 30208K, 7% used [0x00000000c0000000,0x00000000c0214068,0x00000000c1d80000)
 Metaspace       used 6072K, capacity 6960K, committed 7040K, reserved 1064960K
  class space    used 600K, capacity 616K, committed 640K, reserved 1048576K
GC Heap History (4 events):
Event: 0.327 GC heap before
{Heap before GC invocations=1 (full 0):
 PSYoungGen      total 13312K, used 11776K [0x00000000eab00000, 0x00000000eb980000, 0x0000000100000000)
  eden space 11776K, 100% used [0x00000000eab00000,0x00000000eb680000,0x00000000eb680000)
  from space 1536K, 0% used [0x00000000eb800000,0x00000000eb800000,0x00000000eb980000)
  to   space 1536K, 0% used [0x00000000eb680000,0x00000000eb680000,0x00000000eb800000)
 ParOldGen       total 30208K, used 0K [0x00000000c0000000, 0x00000000c1d80000, 0x00000000eab00000)
  object space 30208K, 0% used [0x00000000c0000000,0x00000000c0000000,0x00000000c1d80000)
 Metaspace       used 3398K, capacity 4720K, committed 4864K, reserved 1062912K
  class space    used 370K, capacity 424K, committed 512K, reserved 1048576K
Event: 0.333 GC heap after
Heap after GC invocations=1 (full 0):
 PSYoungGen      total 13312K, used 958K [0x00000000eab00000, 0x00000000ec500000, 0x0000000100000000)
  eden space 11776K, 0% used [0x00000000eab00000,0x00000000eab00000,0x00000000eb680000)
  from space 1536K, 62% used [0x00000000eb680000,0x00000000eb76f9e8,0x00000000eb800000)
  to   space 1536K, 0% used [0x00000000ec380000,0x00000000ec380000,0x00000000ec500000)
 ParOldGen       total 30208K, used 8K [0x00000000c0000000, 0x00000000c1d80000, 0x00000000eab00000)
  object space 30208K, 0% used [0x00000000c0000000,0x00000000c0002000,0x00000000c1d80000)
 Metaspace       used 3398K, capacity 4720K, committed 4864K, reserved 1062912K
  class space    used 370K, capacity 424K, committed 512K, reserved 1048576K
}
Event: 0.993 GC heap before
{Heap before GC invocations=2 (full 0):
 PSYoungGen      total 13312K, used 12734K [0x00000000eab00000, 0x00000000ec500000, 0x0000000100000000)
  eden space 11776K, 100% used [0x00000000eab00000,0x00000000eb680000,0x00000000eb680000)
  from space 1536K, 62% used [0x00000000eb680000,0x00000000eb76f9e8,0x00000000eb800000)
  to   space 1536K, 0% used [0x00000000ec380000,0x00000000ec380000,0x00000000ec500000)
 ParOldGen       total 30208K, used 8K [0x00000000c0000000, 0x00000000c1d80000, 0x00000000eab00000)
  object space 30208K, 0% used [0x00000000c0000000,0x00000000c0002000,0x00000000c1d80000)
 Metaspace       used 5545K, capacity 6512K, committed 6784K, reserved 1062912K
  class space    used 592K, capacity 616K, committed 640K, reserved 1048576K
Event: 1.003 GC heap after
Heap after GC invocations=2 (full 0):
 PSYoungGen      total 25088K, used 1527K [0x00000000eab00000, 0x00000000ec500000, 0x0000000100000000)
  eden space 23552K, 0% used [0x00000000eab00000,0x00000000eab00000,0x00000000ec200000)
  from space 1536K, 99% used [0x00000000ec380000,0x00000000ec4fdc60,0x00000000ec500000)
  to   space 1536K, 0% used [0x00000000ec200000,0x00000000ec200000,0x00000000ec380000)
 ParOldGen       total 30208K, used 2128K [0x00000000c0000000, 0x00000000c1d80000, 0x00000000eab00000)
  object space 30208K, 7% used [0x00000000c0000000,0x00000000c0214068,0x00000000c1d80000)
 Metaspace       used 5545K, capacity 6512K, committed 6784K, reserved 1062912K
  class space    used 592K, capacity 616K, committed 640K, reserved 1048576K
}

