# JRE version: Java(TM) SE Runtime Environment (8.0_101-b13) (build 1.8.0_101-b13)
# Java VM: Java HotSpot(TM) 64-Bit Server VM (25.101-b13 mixed mode windows-amd64 compressed oops)
Heap:
 PSYoungGen      total 103936K, used 14446K [0x00000000eab00000, 0x00000000f8500000, 0x0000000100000000)
  eden space 93184K, 6% used [0x00000000eab00000,0x00000000eb136fb8,0x00000000f0600000)
  from space 10752K, 75% used [0x00000000f0600000,0x00000000f0de4b18,0x00000000f1080000)
  to   space 18432K, 0% used [0x00000000f7300000,0x00000000f7300000,0x00000000f8500000)
 ParOldGen       total 58880K, used 30263K [0x00000000c0000000, 0x00000000c3980000, 0x00000000eab00000)
  object space 58880K, 51% used [0x00000000c0000000,0x00000000c1d8df40,0x00000000c3980000)
 Metaspace       used 6274K, capacity 7152K, committed 7296K, reserved 1056768K
  class space    used 598K, capacity 616K, committed 640K, reserved 1048576K
GC Heap History (10 events):
Event: 3.134 GC heap before
{Heap before GC invocations=4 (full 0):
 PSYoungGen      total 25088K, used 25074K [0x00000000eab00000, 0x00000000edc00000, 0x0000000100000000)
  eden space 23552K, 100% used [0x00000000eab00000,0x00000000ec200000,0x00000000ec200000)
  from space 1536K, 99% used [0x00000000ec200000,0x00000000ec37c9e0,0x00000000ec380000)
  to   space 1536K, 0% used [0x00000000eda80000,0x00000000eda80000,0x00000000edc00000)
 ParOldGen       total 30208K, used 7748K [0x00000000c0000000, 0x00000000c1d80000, 0x00000000eab00000)
  object space 30208K, 25% used [0x00000000c0000000,0x00000000c0791288,0x00000000c1d80000)
 Metaspace       used 6092K, capacity 7024K, committed 7296K, reserved 1056768K
  class space    used 597K, capacity 616K, committed 640K, reserved 1048576K
Event: 3.151 GC heap after
Heap after GC invocations=4 (full 0):
 PSYoungGen      total 48640K, used 1534K [0x00000000eab00000, 0x00000000edc00000, 0x0000000100000000)
  eden space 47104K, 0% used [0x00000000eab00000,0x00000000eab00000,0x00000000ed900000)
  from space 1536K, 99% used [0x00000000eda80000,0x00000000edbffbd0,0x00000000edc00000)
  to   space 1536K, 0% used [0x00000000ed900000,0x00000000ed900000,0x00000000eda80000)
 ParOldGen       total 30208K, used 11520K [0x00000000c0000000, 0x00000000c1d80000, 0x00000000eab00000)
  object space 30208K, 38% used [0x00000000c0000000,0x00000000c0b403a0,0x00000000c1d80000)
 Metaspace       used 6092K, capacity 7024K, committed 7296K, reserved 1056768K
  class space    used 597K, capacity 616K, committed 640K, reserved 1048576K
}
Event: 3.510 GC heap before
{Heap before GC invocations=5 (full 0):
 PSYoungGen      total 48640K, used 48638K [0x00000000eab00000, 0x00000000edc00000, 0x0000000100000000)
  eden space 47104K, 100% used [0x00000000eab00000,0x00000000ed900000,0x00000000ed900000)
  from space 1536K, 99% used [0x00000000eda80000,0x00000000edbffbd0,0x00000000edc00000)
  to   space 1536K, 0% used [0x00000000ed900000,0x00000000ed900000,0x00000000eda80000)
 ParOldGen       total 30208K, used 11520K [0x00000000c0000000, 0x00000000c1d80000, 0x00000000eab00000)
  object space 30208K, 38% used [0x00000000c0000000,0x00000000c0b403a0,0x00000000c1d80000)
 Metaspace       used 6134K, capacity 7024K, committed 7296K, reserved 1056768K
  class space    used 598K, capacity 616K, committed 640K, reserved 1048576K
Event: 3.585 GC heap after
Heap after GC invocations=5 (full 0):
 PSYoungGen      total 48640K, used 1535K [0x00000000eab00000, 0x00000000f1a00000, 0x0000000100000000)
  eden space 47104K, 0% used [0x00000000eab00000,0x00000000eab00000,0x00000000ed900000)
  from space 1536K, 99% used [0x00000000ed900000,0x00000000eda7ff90,0x00000000eda80000)
  to   space 9728K, 0% used [0x00000000f1080000,0x00000000f1080000,0x00000000f1a00000)
 ParOldGen       total 30208K, used 19073K [0x00000000c0000000, 0x00000000c1d80000, 0x00000000eab00000)
  object space 30208K, 63% used [0x00000000c0000000,0x00000000c12a0510,0x00000000c1d80000)
 Metaspace       used 6134K, capacity 7024K, committed 7296K, reserved 1056768K
  class space    used 598K, capacity 616K, committed 640K, reserved 1048576K
}
Event: 3.921 GC heap before
{Heap before GC invocations=6 (full 0):
 PSYoungGen      total 48640K, used 48639K [0x00000000eab00000, 0x00000000f1a00000, 0x0000000100000000)
  eden space 47104K, 100% used [0x00000000eab00000,0x00000000ed900000,0x00000000ed900000)
  from space 1536K, 99% used [0x00000000ed900000,0x00000000eda7ff90,0x00000000eda80000)
  to   space 9728K, 0% used [0x00000000f1080000,0x00000000f1080000,0x00000000f1a00000)
 ParOldGen       total 30208K, used 19073K [0x00000000c0000000, 0x00000000c1d80000, 0x00000000eab00000)
  object space 30208K, 63% used [0x00000000c0000000,0x00000000c12a0510,0x00000000c1d80000)
 Metaspace       used 6206K, capacity 7088K, committed 7296K, reserved 1056768K
  class space    used 598K, capacity 616K, committed 640K, reserved 1048576K
Event: 4.118 GC heap after
Heap after GC invocations=6 (full 0):
 PSYoungGen      total 102912K, used 8613K [0x00000000eab00000, 0x00000000f1c00000, 0x0000000100000000)
  eden space 93184K, 0% used [0x00000000eab00000,0x00000000eab00000,0x00000000f0600000)
  from space 9728K, 88% used [0x00000000f1080000,0x00000000f18e94a0,0x00000000f1a00000)
  to   space 10752K, 0% used [0x00000000f0600000,0x00000000f0600000,0x00000000f1080000)
 ParOldGen       total 30208K, used 19081K [0x00000000c0000000, 0x00000000c1d80000, 0x00000000eab00000)
  object space 30208K, 63% used [0x00000000c0000000,0x00000000c12a2510,0x00000000c1d80000)
 Metaspace       used 6206K, capacity 7088K, committed 7296K, reserved 1056768K
  class space    used 598K, capacity 616K, committed 640K, reserved 1048576K
}
Event: 5.125 GC heap before
{Heap before GC invocations=7 (full 0):
 PSYoungGen      total 102912K, used 101797K [0x00000000eab00000, 0x00000000f1c00000, 0x0000000100000000)
  eden space 93184K, 100% used [0x00000000eab00000,0x00000000f0600000,0x00000000f0600000)
  from space 9728K, 88% used [0x00000000f1080000,0x00000000f18e94a0,0x00000000f1a00000)
  to   space 10752K, 0% used [0x00000000f0600000,0x00000000f0600000,0x00000000f1080000)
 ParOldGen       total 30208K, used 19081K [0x00000000c0000000, 0x00000000c1d80000, 0x00000000eab00000)
  object space 30208K, 63% used [0x00000000c0000000,0x00000000c12a2510,0x00000000c1d80000)
 Metaspace       used 6272K, capacity 7152K, committed 7296K, reserved 1056768K
  class space    used 598K, capacity 616K, committed 640K, reserved 1048576K
Event: 5.482 GC heap after
Heap after GC invocations=7 (full 0):
 PSYoungGen      total 103936K, used 10741K [0x00000000eab00000, 0x00000000f8500000, 0x0000000100000000)
  eden space 93184K, 0% used [0x00000000eab00000,0x00000000eab00000,0x00000000f0600000)
  from space 10752K, 99% used [0x00000000f0600000,0x00000000f107d558,0x00000000f1080000)
  to   space 18432K, 0% used [0x00000000f7300000,0x00000000f7300000,0x00000000f8500000)
 ParOldGen       total 30720K, used 30691K [0x00000000c0000000, 0x00000000c1e00000, 0x00000000eab00000)
  object space 30720K, 99% used [0x00000000c0000000,0x00000000c1df8ec8,0x00000000c1e00000)
 Metaspace       used 6272K, capacity 7152K, committed 7296K, reserved 1056768K
  class space    used 598K, capacity 616K, committed 640K, reserved 1048576K
}
Event: 5.482 GC heap before
{Heap before GC invocations=8 (full 1):
 PSYoungGen      total 103936K, used 10741K [0x00000000eab00000, 0x00000000f8500000, 0x0000000100000000)
  eden space 93184K, 0% used [0x00000000eab00000,0x00000000eab00000,0x00000000f0600000)
  from space 10752K, 99% used [0x00000000f0600000,0x00000000f107d558,0x00000000f1080000)
  to   space 18432K, 0% used [0x00000000f7300000,0x00000000f7300000,0x00000000f8500000)
 ParOldGen       total 30720K, used 30691K [0x00000000c0000000, 0x00000000c1e00000, 0x00000000eab00000)
  object space 30720K, 99% used [0x00000000c0000000,0x00000000c1df8ec8,0x00000000c1e00000)
 Metaspace       used 6272K, capacity 7152K, committed 7296K, reserved 1056768K
  class space    used 598K, capacity 616K, committed 640K, reserved 1048576K
Event: 6.590 GC heap after
Heap after GC invocations=8 (full 1):
 PSYoungGen      total 103936K, used 8082K [0x00000000eab00000, 0x00000000f8500000, 0x0000000100000000)
  eden space 93184K, 0% used [0x00000000eab00000,0x00000000eab00000,0x00000000f0600000)
  from space 10752K, 75% used [0x00000000f0600000,0x00000000f0de4b18,0x00000000f1080000)
  to   space 18432K, 0% used [0x00000000f7300000,0x00000000f7300000,0x00000000f8500000)
 ParOldGen       total 58880K, used 30263K [0x00000000c0000000, 0x00000000c3980000, 0x00000000eab00000)
  object space 58880K, 51% used [0x00000000c0000000,0x00000000c1d8df40,0x00000000c3980000)
 Metaspace       used 6272K, capacity 7152K, committed 7296K, reserved 1056768K
  class space    used 598K, capacity 616K, committed 640K, reserved 1048576K
}

